{
  "stats": {
    "suites": 1,
    "tests": 1,
    "passes": 1,
    "pending": 0,
    "failures": 0,
    "start": "2021-05-22T09:51:01.102Z",
    "end": "2021-05-22T09:51:03.966Z",
    "duration": 2864,
    "testsRegistered": 1,
    "passPercent": 100,
    "pendingPercent": 0,
    "other": 0,
    "hasOther": false,
    "skipped": 0,
    "hasSkipped": false
  },
  "results": [
    {
      "uuid": "430de8ea-7565-441b-a5d8-cdad04296105",
      "title": "",
      "fullFile": "",
      "file": "",
      "beforeHooks": [],
      "afterHooks": [],
      "tests": [],
      "suites": [
        {
          "uuid": "4a84b9ba-b434-4f77-8da8-71eecaa192d2",
          "title": "AVIVA GI Home portal automated testing",
          "fullFile": "/Users/TAO/Desktop/FullStack/MochaWebdriverDemo/test/GIHome.test.js",
          "file": "/test/GIHome.test.js",
          "beforeHooks": [
            {
              "title": "\"before each\" hook in \"AVIVA GI Home portal automated testing\"",
              "fullTitle": "AVIVA GI Home portal automated testing \"before each\" hook in \"AVIVA GI Home portal automated testing\"",
              "timedOut": false,
              "duration": 2537,
              "state": null,
              "speed": null,
              "pass": false,
              "fail": false,
              "pending": false,
              "context": null,
              "code": "page = new Page();\ndriver = page.driver;\nawait page.visit('https://login.aviva.com.sg/hm/home/#/getQuote');",
              "err": {},
              "uuid": "92ba744a-6951-4cf8-89cc-3b5870d28ad5",
              "parentUUID": "4a84b9ba-b434-4f77-8da8-71eecaa192d2",
              "isHook": true,
              "skipped": false
            }
          ],
          "afterHooks": [
            {
              "title": "\"after each\" hook in \"AVIVA GI Home portal automated testing\"",
              "fullTitle": "AVIVA GI Home portal automated testing \"after each\" hook in \"AVIVA GI Home portal automated testing\"",
              "timedOut": false,
              "duration": 52,
              "state": null,
              "speed": null,
              "pass": false,
              "fail": false,
              "pending": false,
              "context": null,
              "code": "await page.quit();",
              "err": {},
              "uuid": "d76bc037-ce13-458f-aaed-2253724b114f",
              "parentUUID": "4a84b9ba-b434-4f77-8da8-71eecaa192d2",
              "isHook": true,
              "skipped": false
            }
          ],
          "tests": [
            {
              "title": "click check now button",
              "fullTitle": "AVIVA GI Home portal automated testing click check now button",
              "timedOut": false,
              "duration": 269,
              "state": "passed",
              "speed": "slow",
              "pass": true,
              "fail": false,
              "pending": false,
              "context": null,
              "code": "// \"spy\" on `console.log()`\n// let spy = sinon.spy(console, 'log');\nconst result = await page.findCheckNowButtonandClick();\n// expect(result.inputEnabled).to.equal(true);\nexpect(result.buttonText).to.include('validatePromotionCode');\n// restore the original function\n// spy.restore();",
              "err": {},
              "uuid": "65072a33-98ae-452d-9d25-77f6cc921506",
              "parentUUID": "4a84b9ba-b434-4f77-8da8-71eecaa192d2",
              "isHook": false,
              "skipped": false
            }
          ],
          "suites": [],
          "passes": [
            "65072a33-98ae-452d-9d25-77f6cc921506"
          ],
          "failures": [],
          "pending": [],
          "skipped": [],
          "duration": 269,
          "root": false,
          "rootEmpty": false,
          "_timeout": 50000
        }
      ],
      "passes": [],
      "failures": [],
      "pending": [],
      "skipped": [],
      "duration": 0,
      "root": true,
      "rootEmpty": true,
      "_timeout": 2000
    }
  ],
  "meta": {
    "mocha": {
      "version": "8.4.0"
    },
    "mochawesome": {
      "options": {
        "quiet": false,
        "reportFilename": "mochawesome",
        "saveHtml": true,
        "saveJson": true,
        "consoleReporter": "spec",
        "useInlineDiffs": false,
        "code": true
      },
      "version": "6.2.2"
    },
    "marge": {
      "options": {
        "autoOpen": "true"
      },
      "version": "5.2.0"
    }
  }
}