{
  "stats": {
    "suites": 1,
    "tests": 1,
    "passes": 1,
    "pending": 0,
    "failures": 0,
    "start": "2021-05-22T08:01:41.265Z",
    "end": "2021-05-22T08:01:43.991Z",
    "duration": 2726,
    "testsRegistered": 1,
    "passPercent": 100,
    "pendingPercent": 0,
    "other": 0,
    "hasOther": false,
    "skipped": 0,
    "hasSkipped": false
  },
  "results": [
    {
      "uuid": "5e31caac-2e8f-4a91-b8ff-5e28b1d8e947",
      "title": "",
      "fullFile": "",
      "file": "",
      "beforeHooks": [],
      "afterHooks": [],
      "tests": [],
      "suites": [
        {
          "uuid": "82df4919-ac8a-4d00-bfa5-223ed763c150",
          "title": "AVIVA GI Portal automated testing",
          "fullFile": "/Users/TAO/Desktop/FullStack/MochaWebdriverDemo/test/GIHome.test.js",
          "file": "/test/GIHome.test.js",
          "beforeHooks": [
            {
              "title": "\"before each\" hook in \"AVIVA GI Portal automated testing\"",
              "fullTitle": "AVIVA GI Portal automated testing \"before each\" hook in \"AVIVA GI Portal automated testing\"",
              "timedOut": false,
              "duration": 2341,
              "state": null,
              "speed": null,
              "pass": false,
              "fail": false,
              "pending": false,
              "context": null,
              "code": "page = new Page();\ndriver = page.driver;\nawait page.visit('https://login.aviva.com.sg/hm/home/#/getQuote');",
              "err": {},
              "uuid": "ff0e32c9-b831-484c-b661-66831040513c",
              "parentUUID": "82df4919-ac8a-4d00-bfa5-223ed763c150",
              "isHook": true,
              "skipped": false
            }
          ],
          "afterHooks": [
            {
              "title": "\"after each\" hook in \"AVIVA GI Portal automated testing\"",
              "fullTitle": "AVIVA GI Portal automated testing \"after each\" hook in \"AVIVA GI Portal automated testing\"",
              "timedOut": false,
              "duration": 52,
              "state": null,
              "speed": null,
              "pass": false,
              "fail": false,
              "pending": false,
              "context": null,
              "code": "await page.quit();",
              "err": {},
              "uuid": "0772e21d-362b-4fb2-ab69-4549c510b3d3",
              "parentUUID": "82df4919-ac8a-4d00-bfa5-223ed763c150",
              "isHook": true,
              "skipped": false
            }
          ],
          "tests": [
            {
              "title": "find check now button",
              "fullTitle": "AVIVA GI Portal automated testing find check now button",
              "timedOut": false,
              "duration": 330,
              "state": "passed",
              "speed": "slow",
              "pass": true,
              "fail": false,
              "pending": false,
              "context": null,
              "code": "// \"spy\" on `console.log()`\n// let spy = sinon.spy(console, 'log');\nconst result = await page.findInputAndButton();\n// expect(result.inputEnabled).to.equal(true);\nexpect(result.buttonText).to.include('validatePromotionCode');\n// restore the original function\n// spy.restore();",
              "err": {},
              "uuid": "2f9ef78f-eb46-4d7f-8537-23fe7515a0c5",
              "parentUUID": "82df4919-ac8a-4d00-bfa5-223ed763c150",
              "isHook": false,
              "skipped": false
            }
          ],
          "suites": [],
          "passes": [
            "2f9ef78f-eb46-4d7f-8537-23fe7515a0c5"
          ],
          "failures": [],
          "pending": [],
          "skipped": [],
          "duration": 330,
          "root": false,
          "rootEmpty": false,
          "_timeout": 50000
        }
      ],
      "passes": [],
      "failures": [],
      "pending": [],
      "skipped": [],
      "duration": 0,
      "root": true,
      "rootEmpty": true,
      "_timeout": 2000
    }
  ],
  "meta": {
    "mocha": {
      "version": "8.4.0"
    },
    "mochawesome": {
      "options": {
        "quiet": false,
        "reportFilename": "mochawesome",
        "saveHtml": true,
        "saveJson": true,
        "consoleReporter": "spec",
        "useInlineDiffs": false,
        "code": true
      },
      "version": "6.2.2"
    },
    "marge": {
      "options": {
        "autoOpen": "true"
      },
      "version": "5.2.0"
    }
  }
}